<?xml version="1.0" encoding="UTF-8"?>
<persistence version="2.0"
	xmlns="http://java.sun.com/xml/ns/persistence">
	<persistence-unit name="JEE6DemoPersistence"
		transaction-type="JTA">

		<provider>org.hibernate.ejb.HibernatePersistence</provider>

		<jta-data-source>StudentsDS</jta-data-source>

		<class>ch.demo.dom.StudentClass</class>

		<properties>
			<property name="hibernate.dialect" value="org.hibernate.dialect.H2Dialect" />
			<property name="hibernate.hbm2ddl.auto" value="create-drop" />
			<property name="hibernate.show_sql" value="true" />
		</properties>
	</persistence-unit>
</persistence>